Using pre-set license
Built from '2020.3/staging' branch; Version is '2020.3.26f1 (7298b473bc1a) revision 7510196'; Using compiler version '192528614'; Build Type 'Release'
OS: 'Windows 10  (10.0.19044) 64bit Core' Language: 'en' Physical Memory: 32469 MB
BatchMode: 1, IsHumanControllingUs: 0, StartBugReporterOnCrash: 0, Is64bit: 1, IsPro: 0

COMMAND LINE ARGUMENTS:
C:\Program Files\Unity\Hub\Editor\2020.3.26f1\Editor\Unity.exe
-adb2
-batchMode
-noUpm
-name
AssetImportWorker0
-projectPath
C:/Users/Meloj/Downloads/OneForAll_In_Unity - Copie - Copie (3)/OneForAll_In_Unity - Copie - Copie (3)/One-For-All
-logFile
Logs/AssetImportWorker0.log
-srvPort
55817
Successfully changed project path to: C:/Users/Meloj/Downloads/OneForAll_In_Unity - Copie - Copie (3)/OneForAll_In_Unity - Copie - Copie (3)/One-For-All
C:/Users/Meloj/Downloads/OneForAll_In_Unity - Copie - Copie (3)/OneForAll_In_Unity - Copie - Copie (3)/One-For-All
Using Asset Import Pipeline V2.
Refreshing native plugins compatible for Editor in 42.93 ms, found 3 plugins.
Preloading 0 native plugins for Editor in 0.00 ms.
Initialize engine version: 2020.3.26f1 (7298b473bc1a)
[Subsystems] Discovering subsystems at path C:/Program Files/Unity/Hub/Editor/2020.3.26f1/Editor/Data/Resources/UnitySubsystems
[Subsystems] Discovering subsystems at path C:/Users/Meloj/Downloads/OneForAll_In_Unity - Copie - Copie (3)/OneForAll_In_Unity - Copie - Copie (3)/One-For-All/Assets
GfxDevice: creating device client; threaded=0
Direct3D:
    Version:  Direct3D 11.0 [level 11.1]
    Renderer: NVIDIA GeForce RTX 3050 Laptop GPU (ID=0x25a5)
    Vendor:   
    VRAM:     3991 MB
    Driver:   30.0.15.1179
Initialize mono
Mono path[0] = 'C:/Program Files/Unity/Hub/Editor/2020.3.26f1/Editor/Data/Managed'
Mono path[1] = 'C:/Program Files/Unity/Hub/Editor/2020.3.26f1/Editor/Data/MonoBleedingEdge/lib/mono/unityjit'
Mono config path = 'C:/Program Files/Unity/Hub/Editor/2020.3.26f1/Editor/Data/MonoBleedingEdge/etc'
Using monoOptions --debugger-agent=transport=dt_socket,embedding=1,server=y,suspend=n,address=127.0.0.1:56656
Begin MonoManager ReloadAssembly
Registering precompiled unity dll's ...
Register platform support module: C:/Program Files/Unity/Hub/Editor/2020.3.26f1/Editor/Data/PlaybackEngines/WebGLSupport/UnityEditor.WebGL.Extensions.dll
Register platform support module: C:/Program Files/Unity/Hub/Editor/2020.3.26f1/Editor/Data/PlaybackEngines/WindowsStandaloneSupport/UnityEditor.WindowsStandalone.Extensions.dll
Registered in 0.001855 seconds.
Native extension for WindowsStandalone target not found
Native extension for WebGL target not found
Refreshing native plugins compatible for Editor in 65.49 ms, found 3 plugins.
Preloading 0 native plugins for Editor in 0.00 ms.
Mono: successfully reloaded assembly
- Completed reload, in  0.560 seconds
Domain Reload Profiling:
	ReloadAssembly (560ms)
		BeginReloadAssembly (43ms)
			ExecutionOrderSort (0ms)
			DisableScriptedObjects (0ms)
			BackupInstance (0ms)
			ReleaseScriptingObjects (0ms)
			CreateAndSetChildDomain (1ms)
		EndReloadAssembly (449ms)
			LoadAssemblies (42ms)
			RebuildTransferFunctionScriptingTraits (0ms)
			SetupTypeCache (167ms)
			ReleaseScriptCaches (0ms)
			RebuildScriptCaches (29ms)
			SetupLoadedEditorAssemblies (157ms)
				LogAssemblyErrors (0ms)
				InitializePlatformSupportModulesInManaged (5ms)
				SetLoadedEditorAssemblies (0ms)
				RefreshPlugins (66ms)
				BeforeProcessingInitializeOnLoad (10ms)
				ProcessInitializeOnLoadAttributes (57ms)
				ProcessInitializeOnLoadMethodAttributes (19ms)
				AfterProcessingInitializeOnLoad (0ms)
				EditorAssembliesLoaded (0ms)
			ExecutionOrderSort2 (0ms)
			AwakeInstancesAfterBackupRestoration (0ms)
Platform modules already initialized, skipping
Registering precompiled user dll's ...
Registered in 0.004684 seconds.
Begin MonoManager ReloadAssembly
Native extension for WindowsStandalone target not found
Native extension for WebGL target not found
Refreshing native plugins compatible for Editor in 50.14 ms, found 3 plugins.
Preloading 0 native plugins for Editor in 0.00 ms.
Mono: successfully reloaded assembly
- Completed reload, in  0.988 seconds
Domain Reload Profiling:
	ReloadAssembly (989ms)
		BeginReloadAssembly (126ms)
			ExecutionOrderSort (0ms)
			DisableScriptedObjects (3ms)
			BackupInstance (0ms)
			ReleaseScriptingObjects (0ms)
			CreateAndSetChildDomain (18ms)
		EndReloadAssembly (817ms)
			LoadAssemblies (73ms)
			RebuildTransferFunctionScriptingTraits (0ms)
			SetupTypeCache (230ms)
			ReleaseScriptCaches (0ms)
			RebuildScriptCaches (46ms)
			SetupLoadedEditorAssemblies (341ms)
				LogAssemblyErrors (0ms)
				InitializePlatformSupportModulesInManaged (4ms)
				SetLoadedEditorAssemblies (0ms)
				RefreshPlugins (50ms)
				BeforeProcessingInitializeOnLoad (73ms)
				ProcessInitializeOnLoadAttributes (188ms)
				ProcessInitializeOnLoadMethodAttributes (18ms)
				AfterProcessingInitializeOnLoad (7ms)
				EditorAssembliesLoaded (0ms)
			ExecutionOrderSort2 (0ms)
			AwakeInstancesAfterBackupRestoration (6ms)
Platform modules already initialized, skipping
========================================================================
Worker process is ready to serve import requests
Launched and connected shader compiler UnityShaderCompiler.exe after 0.05 seconds
Refreshing native plugins compatible for Editor in 0.50 ms, found 3 plugins.
Preloading 0 native plugins for Editor in 0.00 ms.
Unloading 2204 Unused Serialized files (Serialized files now loaded: 0)
System memory in use before: 97.5 MB.
System memory in use after: 97.6 MB.

Unloading 28 unused Assets to reduce memory usage. Loaded Objects now: 2643.
Total: 2.263900 ms (FindLiveObjects: 0.116900 ms CreateObjectMapping: 0.034700 ms MarkObjects: 2.057100 ms  DeleteObjects: 0.054100 ms)

AssetImportParameters requested are different than current active one (requested -> active):
  custom:framework-win-MediaFoundation: 216162199b28c13a410421893ffa2e32 -> 
  custom:video-decoder-ogg-theora: a1e56fd34408186e4bbccfd4996cb3dc -> 
  custom:container-muxer-webm: aa71ff27fc2769a1b78a27578f13a17b -> 
  custom:container-demuxer-webm: 4f35f7cbe854078d1ac9338744f61a02 -> 
  custom:container-demuxer-ogg: 62fdf1f143b41e24485cea50d1cbac27 -> 
  custom:video-encoder-webm-vp8: eb34c28f22e8b96e1ab97ce403110664 -> 
  custom:video-decoder-webm-vp8: 9c59270c3fd7afecdb556c50c9e8de78 -> 
  custom:audio-decoder-ogg-vorbis: bf7c407c2cedff20999df2af8eb42d56 -> 
  custom:audio-encoder-webm-vorbis: bf7c407c2cedff20999df2af8eb42d56 -> 
========================================================================
Received Import Request.
  path: Assets/Scenes/Intro.unity
  artifactKey: Guid(e5c0f0ac59175ea408fc29b2d5658974) Importer(815301076,1909f56bfc062723c751e8b465ee728b)
Start importing Assets/Scenes/Intro.unity using Guid(e5c0f0ac59175ea408fc29b2d5658974) Importer(815301076,1909f56bfc062723c751e8b465ee728b)  -> (artifact id: 'a74553e59cd42dc25b49a6857d72f503') in 0.017353 seconds 
  Import took 0.020168 seconds .

========================================================================
Received Import Request.
  Time since last request: 0.000291 seconds.
  path: Assets/Scenes/PlayerStaging.unity
  artifactKey: Guid(5e769b4543886db4ab9f069df1bd2353) Importer(815301076,1909f56bfc062723c751e8b465ee728b)
Start importing Assets/Scenes/PlayerStaging.unity using Guid(5e769b4543886db4ab9f069df1bd2353) Importer(815301076,1909f56bfc062723c751e8b465ee728b)  -> (artifact id: 'dbf774bc4bdee1c618ee3329247e850f') in 0.007208 seconds 
  Import took 0.010162 seconds .

========================================================================
Received Import Request.
  Time since last request: 53.405952 seconds.
  path: Assets/AllForOne/Enemy/Enemy-Walk-Sheet/Enemy-Attack-Sheet
  artifactKey: Guid(cb4bf0d4e220bd845a3e02286b0dd42e) Importer(815301076,1909f56bfc062723c751e8b465ee728b)
Start importing Assets/AllForOne/Enemy/Enemy-Walk-Sheet/Enemy-Attack-Sheet using Guid(cb4bf0d4e220bd845a3e02286b0dd42e) Importer(815301076,1909f56bfc062723c751e8b465ee728b)  -> (artifact id: '568d389ef12c3b673b6f16c4c19490bf') in 0.007142 seconds 
  Import took 0.010011 seconds .

========================================================================
Received Import Request.
  Time since last request: 0.061107 seconds.
  path: Assets/AllForOne/Enemy/Enemy-Walk-Sheet/Enemy-Attack-Sheet/frame_00_delay-0.03s.png
  artifactKey: Guid(cc0fc0b83ad0ec64db18ddcadd48f3b2) Importer(815301076,1909f56bfc062723c751e8b465ee728b)
Start importing Assets/AllForOne/Enemy/Enemy-Walk-Sheet/Enemy-Attack-Sheet/frame_00_delay-0.03s.png using Guid(cc0fc0b83ad0ec64db18ddcadd48f3b2) Importer(815301076,1909f56bfc062723c751e8b465ee728b)  -> (artifact id: '469d214cf4f58020a8e5dc47894b7432') in 0.100949 seconds 
  Import took 0.103925 seconds .

========================================================================
Received Import Request.
  Time since last request: 0.000343 seconds.
  path: Assets/AllForOne/Enemy/Enemy-Walk-Sheet/Enemy-Attack-Sheet/frame_05_delay-0.03s.png
  artifactKey: Guid(c59aefc7d377ecd4bb1fa31872a5ff20) Importer(815301076,1909f56bfc062723c751e8b465ee728b)
Start importing Assets/AllForOne/Enemy/Enemy-Walk-Sheet/Enemy-Attack-Sheet/frame_05_delay-0.03s.png using Guid(c59aefc7d377ecd4bb1fa31872a5ff20) Importer(815301076,1909f56bfc062723c751e8b465ee728b)  -> (artifact id: '39d10992291c3c856b2e4047e24815b3') in 0.025184 seconds 
  Import took 0.028017 seconds .

========================================================================
Received Import Request.
  Time since last request: 0.000217 seconds.
  path: Assets/AllForOne/Enemy/Enemy-Walk-Sheet/Enemy-Attack-Sheet/frame_08_delay-0.03s.png
  artifactKey: Guid(f0127a81cb3f677478ac2ad3cf251807) Importer(815301076,1909f56bfc062723c751e8b465ee728b)
Start importing Assets/AllForOne/Enemy/Enemy-Walk-Sheet/Enemy-Attack-Sheet/frame_08_delay-0.03s.png using Guid(f0127a81cb3f677478ac2ad3cf251807) Importer(815301076,1909f56bfc062723c751e8b465ee728b)  -> (artifact id: '40a0cfaae00c1fa0f691770228035287') in 0.029808 seconds 
  Import took 0.033153 seconds .

========================================================================
Received Import Request.
  Time since last request: 0.000289 seconds.
  path: Assets/AllForOne/Enemy/Enemy-Walk-Sheet/Enemy-Attack-Sheet/frame_12_delay-0.03s.png
  artifactKey: Guid(65cda4f4c3ed00b4493f168d78dc2d8e) Importer(815301076,1909f56bfc062723c751e8b465ee728b)
Start importing Assets/AllForOne/Enemy/Enemy-Walk-Sheet/Enemy-Attack-Sheet/frame_12_delay-0.03s.png using Guid(65cda4f4c3ed00b4493f168d78dc2d8e) Importer(815301076,1909f56bfc062723c751e8b465ee728b)  -> (artifact id: '79c1e60cc82657ca1b47d765e35f5f39') in 0.030368 seconds 
  Import took 0.034101 seconds .

========================================================================
Received Import Request.
  Time since last request: 0.000251 seconds.
  path: Assets/AllForOne/Enemy/Enemy-Walk-Sheet/Enemy-Attack-Sheet/frame_07_delay-0.03s.png
  artifactKey: Guid(9ebc61c4d8e7dab4d91b0864c1fc7942) Importer(815301076,1909f56bfc062723c751e8b465ee728b)
Start importing Assets/AllForOne/Enemy/Enemy-Walk-Sheet/Enemy-Attack-Sheet/frame_07_delay-0.03s.png using Guid(9ebc61c4d8e7dab4d91b0864c1fc7942) Importer(815301076,1909f56bfc062723c751e8b465ee728b)  -> (artifact id: '45604c82e5633e90d89e8eb0c6fb73be') in 0.031966 seconds 
  Import took 0.035826 seconds .

========================================================================
Received Import Request.
  Time since last request: 0.000291 seconds.
  path: Assets/AllForOne/Enemy/Enemy-Walk-Sheet/Enemy-Attack-Sheet/frame_04_delay-0.03s.png
  artifactKey: Guid(5311bf73ef470ed4287028410a01b7fe) Importer(815301076,1909f56bfc062723c751e8b465ee728b)
Start importing Assets/AllForOne/Enemy/Enemy-Walk-Sheet/Enemy-Attack-Sheet/frame_04_delay-0.03s.png using Guid(5311bf73ef470ed4287028410a01b7fe) Importer(815301076,1909f56bfc062723c751e8b465ee728b)  -> (artifact id: '2ab497d9b9509e3809f5799f43e1e4fd') in 0.030649 seconds 
  Import took 0.034010 seconds .

========================================================================
Received Import Request.
  Time since last request: 0.000379 seconds.
  path: Assets/AllForOne/Enemy/Enemy-Walk-Sheet/Enemy-Attack-Sheet/frame_10_delay-0.03s.png
  artifactKey: Guid(bce4287c8d9410c4bae328b5272fd607) Importer(815301076,1909f56bfc062723c751e8b465ee728b)
Start importing Assets/AllForOne/Enemy/Enemy-Walk-Sheet/Enemy-Attack-Sheet/frame_10_delay-0.03s.png using Guid(bce4287c8d9410c4bae328b5272fd607) Importer(815301076,1909f56bfc062723c751e8b465ee728b)  -> (artifact id: '7825616af1e6a91a8294dd04eefa543e') in 0.030715 seconds 
  Import took 0.034872 seconds .

========================================================================
Received Import Request.
  Time since last request: 0.000278 seconds.
  path: Assets/AllForOne/Enemy/Enemy-Walk-Sheet/Enemy-Attack-Sheet/frame_06_delay-0.03s.png
  artifactKey: Guid(d50dfba58e2ffb644bb470342ac435a4) Importer(815301076,1909f56bfc062723c751e8b465ee728b)
Start importing Assets/AllForOne/Enemy/Enemy-Walk-Sheet/Enemy-Attack-Sheet/frame_06_delay-0.03s.png using Guid(d50dfba58e2ffb644bb470342ac435a4) Importer(815301076,1909f56bfc062723c751e8b465ee728b)  -> (artifact id: 'd8d63a1f6398925351bf354dc4b7d651') in 0.025757 seconds 
  Import took 0.029642 seconds .

========================================================================
Received Import Request.
  Time since last request: 0.000271 seconds.
  path: Assets/AllForOne/Enemy/Enemy-Walk-Sheet/Enemy-Attack-Sheet/frame_02_delay-0.03s.png
  artifactKey: Guid(909fd63dab52f1343899e5842eef1a49) Importer(815301076,1909f56bfc062723c751e8b465ee728b)
Start importing Assets/AllForOne/Enemy/Enemy-Walk-Sheet/Enemy-Attack-Sheet/frame_02_delay-0.03s.png using Guid(909fd63dab52f1343899e5842eef1a49) Importer(815301076,1909f56bfc062723c751e8b465ee728b)  -> (artifact id: '253b9fb61b4b77e4b62faa36013ac169') in 0.030969 seconds 
  Import took 0.034791 seconds .

========================================================================
Received Import Request.
  Time since last request: 0.000247 seconds.
  path: Assets/AllForOne/Enemy/Enemy-Walk-Sheet/Enemy-Attack-Sheet/frame_01_delay-0.03s.png
  artifactKey: Guid(ab04c67f1d119464d86296f0f3a0ea4a) Importer(815301076,1909f56bfc062723c751e8b465ee728b)
Start importing Assets/AllForOne/Enemy/Enemy-Walk-Sheet/Enemy-Attack-Sheet/frame_01_delay-0.03s.png using Guid(ab04c67f1d119464d86296f0f3a0ea4a) Importer(815301076,1909f56bfc062723c751e8b465ee728b)  -> (artifact id: 'd9b196ffdf11c764c659d98d4f3c4fda') in 0.026044 seconds 
  Import took 0.030094 seconds .

========================================================================
Received Import Request.
  Time since last request: 0.000242 seconds.
  path: Assets/AllForOne/Enemy/Enemy-Walk-Sheet/Enemy-Attack-Sheet/frame_09_delay-0.03s.png
  artifactKey: Guid(f198a0d0840140943a90fb53a691bb47) Importer(815301076,1909f56bfc062723c751e8b465ee728b)
Start importing Assets/AllForOne/Enemy/Enemy-Walk-Sheet/Enemy-Attack-Sheet/frame_09_delay-0.03s.png using Guid(f198a0d0840140943a90fb53a691bb47) Importer(815301076,1909f56bfc062723c751e8b465ee728b)  -> (artifact id: '1ccbb92eb643a703db81eca245a59994') in 0.030791 seconds 
  Import took 0.033971 seconds .

========================================================================
Received Import Request.
  Time since last request: 0.000281 seconds.
  path: Assets/AllForOne/Enemy/Enemy-Walk-Sheet/Enemy-Attack-Sheet/frame_11_delay-0.03s.png
  artifactKey: Guid(124e8485b825f3344b1821d72271102e) Importer(815301076,1909f56bfc062723c751e8b465ee728b)
Start importing Assets/AllForOne/Enemy/Enemy-Walk-Sheet/Enemy-Attack-Sheet/frame_11_delay-0.03s.png using Guid(124e8485b825f3344b1821d72271102e) Importer(815301076,1909f56bfc062723c751e8b465ee728b)  -> (artifact id: 'fed75e0c2b6b0736451ca177c347526a') in 0.031113 seconds 
  Import took 0.035019 seconds .

========================================================================
Received Import Request.
  Time since last request: 0.000346 seconds.
  path: Assets/AllForOne/Enemy/Enemy-Walk-Sheet/Enemy-Attack-Sheet/frame_03_delay-0.03s.png
  artifactKey: Guid(3fd49f01baa9430448bdee551e713323) Importer(815301076,1909f56bfc062723c751e8b465ee728b)
Start importing Assets/AllForOne/Enemy/Enemy-Walk-Sheet/Enemy-Attack-Sheet/frame_03_delay-0.03s.png using Guid(3fd49f01baa9430448bdee551e713323) Importer(815301076,1909f56bfc062723c751e8b465ee728b)  -> (artifact id: 'c9d7c324a89c847f348295d98960ae45') in 0.027265 seconds 
  Import took 0.030854 seconds .

========================================================================
Received Import Request.
  Time since last request: 7.808979 seconds.
  path: Assets/AllForOne/Enemy/EnemyAnimations/Enemy.controller
  artifactKey: Guid(434818596cbb375448f7f8725b27a5f2) Importer(815301076,1909f56bfc062723c751e8b465ee728b)
Start importing Assets/AllForOne/Enemy/EnemyAnimations/Enemy.controller using Guid(434818596cbb375448f7f8725b27a5f2) Importer(815301076,1909f56bfc062723c751e8b465ee728b)  -> (artifact id: 'd9454a1d4607554d9641b64f9f1cf2c6') in 0.012486 seconds 
  Import took 0.016677 seconds .

AssetImportWorkerClient::OnTransportError - code=2 error=End of file
